<?xml version="1.0" encoding="UTF-8"?>
<!-- Generated by org.testng.reporters.JUnitReportReporter -->
<testsuite hostname="DESKTOP-ERE5TM4" failures="0" tests="1" name="AddOneRandomItem" time="10.763" errors="0" timestamp="2024-03-20T01:24:39 EET" skipped="0">
  <testcase classname="AddOneRandomItem" name="addOneRandomItemToThecart" time="10.763"/>
  <system-out/>
</testsuite> <!-- AddOneRandomItem -->
